<?xml version="1.0" encoding="UTF-8"?>
<testng-results skipped="0" failed="0" total="1" passed="1">
  <reporter-output>
  </reporter-output>
  <suite name="Suite" duration-ms="71994" started-at="2019-08-17T16:46:17Z" finished-at="2019-08-17T16:47:29Z">
    <groups>
    </groups>
    <test name="Test" duration-ms="71994" started-at="2019-08-17T16:46:17Z" finished-at="2019-08-17T16:47:29Z">
      <class name="org.isb.training.selenium.LoadTest2">
        <test-method status="PASS" signature="beforeClass()[pri:0, instance:org.isb.training.selenium.LoadTest2@39fb3ab6]" name="beforeClass" is-config="true" duration-ms="12426" started-at="2019-08-17T12:46:17Z" finished-at="2019-08-17T12:46:30Z">
          <reporter-output>
          </reporter-output>
        </test-method> <!-- beforeClass -->
        <test-method status="PASS" signature="verifySearchButton()[pri:0, instance:org.isb.training.selenium.LoadTest2@39fb3ab6]" name="verifySearchButton" duration-ms="58650" started-at="2019-08-17T12:46:30Z" finished-at="2019-08-17T12:47:28Z">
          <reporter-output>
          </reporter-output>
        </test-method> <!-- verifySearchButton -->
        <test-method status="PASS" signature="afterClass()[pri:0, instance:org.isb.training.selenium.LoadTest2@39fb3ab6]" name="afterClass" is-config="true" duration-ms="903" started-at="2019-08-17T12:47:28Z" finished-at="2019-08-17T12:47:29Z">
          <reporter-output>
          </reporter-output>
        </test-method> <!-- afterClass -->
      </class> <!-- org.isb.training.selenium.LoadTest2 -->
    </test> <!-- Test -->
  </suite> <!-- Suite -->
</testng-results>
